{
    "timestamp": "2026-02-04T13:32:14+00:00",
    "method": "POST",
    "url": "https:\/\/checkout-test.placetopay.com\/api\/session",
    "http_code": 200,
    "request": {
        "auth": {
            "login": "2d9eaf1e662518756a3d78806543af5b",
            "nonce": "MjA3NDc1NDQ0Mw==",
            "seed": "2026-02-04T13:32:14+00:00"
        },
        "locale": "en_US",
        "payment": {
            "reference": "ORD-20260204-5002A304",
            "description": "Order ORD-20260204-5002A304 - MockStore Purchase",
            "amount": {
                "currency": "USD",
                "total": 499.97
            },
            "items": [
                {
                    "sku": "2",
                    "name": "Smart Watch Series X",
                    "category": "physical",
                    "qty": 1,
                    "price": 299.99,
                    "tax": 0
                },
                {
                    "sku": "6",
                    "name": "USB-C Hub Multiport Adapter",
                    "category": "physical",
                    "qty": 1,
                    "price": 49.99,
                    "tax": 0
                },
                {
                    "sku": "1",
                    "name": "Wireless Headphones Pro",
                    "category": "physical",
                    "qty": 1,
                    "price": 149.99,
                    "tax": 0
                }
            ]
        },
        "buyer": {
            "name": "John",
            "surname": "Doe Three",
            "email": "josefbehere@gmail.com",
            "mobile": "+1982333221",
            "document": "987655432",
            "documentType": "CC"
        },
        "expiration": "2026-02-04T14:32:14+00:00",
        "returnUrl": "http:\/\/localhost:8000\/payment\/return?reference=ORD-20260204-5002A304",
        "cancelUrl": "http:\/\/localhost:8000\/payment\/cancel?reference=ORD-20260204-5002A304",
        "ipAddress": "::1",
        "userAgent": "Mozilla\/5.0 (Macintosh; Intel Mac OS X 10_15_7) AppleWebKit\/537.36 (KHTML, like Gecko) Chrome\/143.0.0.0 Safari\/537.36"
    },
    "response": {
        "status": {
            "status": "OK",
            "reason": "PC",
            "message": "The request has been processed correctly",
            "date": "2026-02-04T08:32:14-05:00"
        },
        "requestId": 3531426,
        "processUrl": "https:\/\/checkout-test.placetopay.com\/spa\/session\/3531426\/277134c7dca6a813c84d4a15faea8389"
    }
}

